Determining if the pthread_create exist failed with the following output:
Change Dir: /home/hiyop/Projects/Robotik_WS19_20/catkin_ws_paulischmidt/build/pd_controller/CMakeFiles/CMakeTmp

Run Build Command:"/usr/bin/make" "cmTC_a4f27/fast"
/usr/bin/make -f CMakeFiles/cmTC_a4f27.dir/build.make CMakeFiles/cmTC_a4f27.dir/build
make[1]: Entering directory '/home/hiyop/Projects/Robotik_WS19_20/catkin_ws_paulischmidt/build/pd_controller/CMakeFiles/CMakeTmp'
Building C object CMakeFiles/cmTC_a4f27.dir/CheckSymbolExists.c.o
/usr/bin/cc    -o CMakeFiles/cmTC_a4f27.dir/CheckSymbolExists.c.o   -c /home/hiyop/Projects/Robotik_WS19_20/catkin_ws_paulischmidt/build/pd_controller/CMakeFiles/CMakeTmp/CheckSymbolExists.c
Linking C executable cmTC_a4f27
/usr/bin/cmake -E cmake_link_script CMakeFiles/cmTC_a4f27.dir/link.txt --verbose=1
/usr/bin/cc      -rdynamic CMakeFiles/cmTC_a4f27.dir/CheckSymbolExists.c.o  -o cmTC_a4f27 
CMakeFiles/cmTC_a4f27.dir/CheckSymbolExists.c.o: In function `main':
CheckSymbolExists.c:(.text+0x1b): undefined reference to `pthread_create'
collect2: error: ld returned 1 exit status
CMakeFiles/cmTC_a4f27.dir/build.make:97: recipe for target 'cmTC_a4f27' failed
make[1]: *** [cmTC_a4f27] Error 1
make[1]: Leaving directory '/home/hiyop/Projects/Robotik_WS19_20/catkin_ws_paulischmidt/build/pd_controller/CMakeFiles/CMakeTmp'
Makefile:126: recipe for target 'cmTC_a4f27/fast' failed
make: *** [cmTC_a4f27/fast] Error 2

File /home/hiyop/Projects/Robotik_WS19_20/catkin_ws_paulischmidt/build/pd_controller/CMakeFiles/CMakeTmp/CheckSymbolExists.c:
/* */
#include <pthread.h>

int main(int argc, char** argv)
{
  (void)argv;
#ifndef pthread_create
  return ((int*)(&pthread_create))[argc];
#else
  (void)argc;
  return 0;
#endif
}

Determining if the function pthread_create exists in the pthreads failed with the following output:
Change Dir: /home/hiyop/Projects/Robotik_WS19_20/catkin_ws_paulischmidt/build/pd_controller/CMakeFiles/CMakeTmp

Run Build Command:"/usr/bin/make" "cmTC_9771b/fast"
/usr/bin/make -f CMakeFiles/cmTC_9771b.dir/build.make CMakeFiles/cmTC_9771b.dir/build
make[1]: Entering directory '/home/hiyop/Projects/Robotik_WS19_20/catkin_ws_paulischmidt/build/pd_controller/CMakeFiles/CMakeTmp'
Building C object CMakeFiles/cmTC_9771b.dir/CheckFunctionExists.c.o
/usr/bin/cc   -DCHECK_FUNCTION_EXISTS=pthread_create   -o CMakeFiles/cmTC_9771b.dir/CheckFunctionExists.c.o   -c /usr/share/cmake-3.10/Modules/CheckFunctionExists.c
Linking C executable cmTC_9771b
/usr/bin/cmake -E cmake_link_script CMakeFiles/cmTC_9771b.dir/link.txt --verbose=1
/usr/bin/cc  -DCHECK_FUNCTION_EXISTS=pthread_create    -rdynamic CMakeFiles/cmTC_9771b.dir/CheckFunctionExists.c.o  -o cmTC_9771b -lpthreads 
/usr/bin/ld: cannot find -lpthreads
collect2: error: ld returned 1 exit status
CMakeFiles/cmTC_9771b.dir/build.make:97: recipe for target 'cmTC_9771b' failed
make[1]: *** [cmTC_9771b] Error 1
make[1]: Leaving directory '/home/hiyop/Projects/Robotik_WS19_20/catkin_ws_paulischmidt/build/pd_controller/CMakeFiles/CMakeTmp'
Makefile:126: recipe for target 'cmTC_9771b/fast' failed
make: *** [cmTC_9771b/fast] Error 2


