Determining if the pthread_create exist failed with the following output:
Change Dir: /home/hiyop/Projects/Robotik_WS19_20/catkin_ws_paulischmidt/build/follow_lane/CMakeFiles/CMakeTmp

Run Build Command:"/usr/bin/make" "cmTC_2a298/fast"
/usr/bin/make -f CMakeFiles/cmTC_2a298.dir/build.make CMakeFiles/cmTC_2a298.dir/build
make[1]: Entering directory '/home/hiyop/Projects/Robotik_WS19_20/catkin_ws_paulischmidt/build/follow_lane/CMakeFiles/CMakeTmp'
Building C object CMakeFiles/cmTC_2a298.dir/CheckSymbolExists.c.o
/usr/bin/cc    -o CMakeFiles/cmTC_2a298.dir/CheckSymbolExists.c.o   -c /home/hiyop/Projects/Robotik_WS19_20/catkin_ws_paulischmidt/build/follow_lane/CMakeFiles/CMakeTmp/CheckSymbolExists.c
Linking C executable cmTC_2a298
/usr/bin/cmake -E cmake_link_script CMakeFiles/cmTC_2a298.dir/link.txt --verbose=1
/usr/bin/cc      -rdynamic CMakeFiles/cmTC_2a298.dir/CheckSymbolExists.c.o  -o cmTC_2a298 
CMakeFiles/cmTC_2a298.dir/CheckSymbolExists.c.o: In function `main':
CheckSymbolExists.c:(.text+0x1b): undefined reference to `pthread_create'
collect2: error: ld returned 1 exit status
CMakeFiles/cmTC_2a298.dir/build.make:97: recipe for target 'cmTC_2a298' failed
make[1]: *** [cmTC_2a298] Error 1
make[1]: Leaving directory '/home/hiyop/Projects/Robotik_WS19_20/catkin_ws_paulischmidt/build/follow_lane/CMakeFiles/CMakeTmp'
Makefile:126: recipe for target 'cmTC_2a298/fast' failed
make: *** [cmTC_2a298/fast] Error 2

File /home/hiyop/Projects/Robotik_WS19_20/catkin_ws_paulischmidt/build/follow_lane/CMakeFiles/CMakeTmp/CheckSymbolExists.c:
/* */
#include <pthread.h>

int main(int argc, char** argv)
{
  (void)argv;
#ifndef pthread_create
  return ((int*)(&pthread_create))[argc];
#else
  (void)argc;
  return 0;
#endif
}

Determining if the function pthread_create exists in the pthreads failed with the following output:
Change Dir: /home/hiyop/Projects/Robotik_WS19_20/catkin_ws_paulischmidt/build/follow_lane/CMakeFiles/CMakeTmp

Run Build Command:"/usr/bin/make" "cmTC_b79be/fast"
/usr/bin/make -f CMakeFiles/cmTC_b79be.dir/build.make CMakeFiles/cmTC_b79be.dir/build
make[1]: Entering directory '/home/hiyop/Projects/Robotik_WS19_20/catkin_ws_paulischmidt/build/follow_lane/CMakeFiles/CMakeTmp'
Building C object CMakeFiles/cmTC_b79be.dir/CheckFunctionExists.c.o
/usr/bin/cc   -DCHECK_FUNCTION_EXISTS=pthread_create   -o CMakeFiles/cmTC_b79be.dir/CheckFunctionExists.c.o   -c /usr/share/cmake-3.10/Modules/CheckFunctionExists.c
Linking C executable cmTC_b79be
/usr/bin/cmake -E cmake_link_script CMakeFiles/cmTC_b79be.dir/link.txt --verbose=1
/usr/bin/cc  -DCHECK_FUNCTION_EXISTS=pthread_create    -rdynamic CMakeFiles/cmTC_b79be.dir/CheckFunctionExists.c.o  -o cmTC_b79be -lpthreads 
/usr/bin/ld: cannot find -lpthreads
collect2: error: ld returned 1 exit status
CMakeFiles/cmTC_b79be.dir/build.make:97: recipe for target 'cmTC_b79be' failed
make[1]: *** [cmTC_b79be] Error 1
make[1]: Leaving directory '/home/hiyop/Projects/Robotik_WS19_20/catkin_ws_paulischmidt/build/follow_lane/CMakeFiles/CMakeTmp'
Makefile:126: recipe for target 'cmTC_b79be/fast' failed
make: *** [cmTC_b79be/fast] Error 2


