Determining if the pthread_create exist failed with the following output:
Change Dir: /home/hiyop/Projects/Robotik_WS19_20/catkin_ws_paulischmidt/build/catkin_tools_prebuild/CMakeFiles/CMakeTmp

Run Build Command:"/usr/bin/make" "cmTC_ea743/fast"
/usr/bin/make -f CMakeFiles/cmTC_ea743.dir/build.make CMakeFiles/cmTC_ea743.dir/build
make[1]: Entering directory '/home/hiyop/Projects/Robotik_WS19_20/catkin_ws_paulischmidt/build/catkin_tools_prebuild/CMakeFiles/CMakeTmp'
Building C object CMakeFiles/cmTC_ea743.dir/CheckSymbolExists.c.o
/usr/bin/cc    -o CMakeFiles/cmTC_ea743.dir/CheckSymbolExists.c.o   -c /home/hiyop/Projects/Robotik_WS19_20/catkin_ws_paulischmidt/build/catkin_tools_prebuild/CMakeFiles/CMakeTmp/CheckSymbolExists.c
Linking C executable cmTC_ea743
/usr/bin/cmake -E cmake_link_script CMakeFiles/cmTC_ea743.dir/link.txt --verbose=1
/usr/bin/cc      -rdynamic CMakeFiles/cmTC_ea743.dir/CheckSymbolExists.c.o  -o cmTC_ea743 
CMakeFiles/cmTC_ea743.dir/CheckSymbolExists.c.o: In function `main':
CheckSymbolExists.c:(.text+0x1b): undefined reference to `pthread_create'
collect2: error: ld returned 1 exit status
CMakeFiles/cmTC_ea743.dir/build.make:97: recipe for target 'cmTC_ea743' failed
make[1]: *** [cmTC_ea743] Error 1
make[1]: Leaving directory '/home/hiyop/Projects/Robotik_WS19_20/catkin_ws_paulischmidt/build/catkin_tools_prebuild/CMakeFiles/CMakeTmp'
Makefile:126: recipe for target 'cmTC_ea743/fast' failed
make: *** [cmTC_ea743/fast] Error 2

File /home/hiyop/Projects/Robotik_WS19_20/catkin_ws_paulischmidt/build/catkin_tools_prebuild/CMakeFiles/CMakeTmp/CheckSymbolExists.c:
/* */
#include <pthread.h>

int main(int argc, char** argv)
{
  (void)argv;
#ifndef pthread_create
  return ((int*)(&pthread_create))[argc];
#else
  (void)argc;
  return 0;
#endif
}

Determining if the function pthread_create exists in the pthreads failed with the following output:
Change Dir: /home/hiyop/Projects/Robotik_WS19_20/catkin_ws_paulischmidt/build/catkin_tools_prebuild/CMakeFiles/CMakeTmp

Run Build Command:"/usr/bin/make" "cmTC_ab101/fast"
/usr/bin/make -f CMakeFiles/cmTC_ab101.dir/build.make CMakeFiles/cmTC_ab101.dir/build
make[1]: Entering directory '/home/hiyop/Projects/Robotik_WS19_20/catkin_ws_paulischmidt/build/catkin_tools_prebuild/CMakeFiles/CMakeTmp'
Building C object CMakeFiles/cmTC_ab101.dir/CheckFunctionExists.c.o
/usr/bin/cc   -DCHECK_FUNCTION_EXISTS=pthread_create   -o CMakeFiles/cmTC_ab101.dir/CheckFunctionExists.c.o   -c /usr/share/cmake-3.10/Modules/CheckFunctionExists.c
Linking C executable cmTC_ab101
/usr/bin/cmake -E cmake_link_script CMakeFiles/cmTC_ab101.dir/link.txt --verbose=1
/usr/bin/cc  -DCHECK_FUNCTION_EXISTS=pthread_create    -rdynamic CMakeFiles/cmTC_ab101.dir/CheckFunctionExists.c.o  -o cmTC_ab101 -lpthreads 
/usr/bin/ld: cannot find -lpthreads
collect2: error: ld returned 1 exit status
CMakeFiles/cmTC_ab101.dir/build.make:97: recipe for target 'cmTC_ab101' failed
make[1]: *** [cmTC_ab101] Error 1
make[1]: Leaving directory '/home/hiyop/Projects/Robotik_WS19_20/catkin_ws_paulischmidt/build/catkin_tools_prebuild/CMakeFiles/CMakeTmp'
Makefile:126: recipe for target 'cmTC_ab101/fast' failed
make: *** [cmTC_ab101/fast] Error 2


