Determining if the pthread_create exist failed with the following output:
Change Dir: /home/hiyop/Projects/Robotik_WS19_20/catkin_ws_paulischmidt/build/simple_parking_maneuver/CMakeFiles/CMakeTmp

Run Build Command:"/usr/bin/make" "cmTC_7e1ff/fast"
/usr/bin/make -f CMakeFiles/cmTC_7e1ff.dir/build.make CMakeFiles/cmTC_7e1ff.dir/build
make[1]: Entering directory '/home/hiyop/Projects/Robotik_WS19_20/catkin_ws_paulischmidt/build/simple_parking_maneuver/CMakeFiles/CMakeTmp'
Building C object CMakeFiles/cmTC_7e1ff.dir/CheckSymbolExists.c.o
/usr/bin/cc    -o CMakeFiles/cmTC_7e1ff.dir/CheckSymbolExists.c.o   -c /home/hiyop/Projects/Robotik_WS19_20/catkin_ws_paulischmidt/build/simple_parking_maneuver/CMakeFiles/CMakeTmp/CheckSymbolExists.c
Linking C executable cmTC_7e1ff
/usr/bin/cmake -E cmake_link_script CMakeFiles/cmTC_7e1ff.dir/link.txt --verbose=1
/usr/bin/cc      -rdynamic CMakeFiles/cmTC_7e1ff.dir/CheckSymbolExists.c.o  -o cmTC_7e1ff 
CMakeFiles/cmTC_7e1ff.dir/CheckSymbolExists.c.o: In function `main':
CheckSymbolExists.c:(.text+0x1b): undefined reference to `pthread_create'
collect2: error: ld returned 1 exit status
CMakeFiles/cmTC_7e1ff.dir/build.make:97: recipe for target 'cmTC_7e1ff' failed
make[1]: *** [cmTC_7e1ff] Error 1
make[1]: Leaving directory '/home/hiyop/Projects/Robotik_WS19_20/catkin_ws_paulischmidt/build/simple_parking_maneuver/CMakeFiles/CMakeTmp'
Makefile:126: recipe for target 'cmTC_7e1ff/fast' failed
make: *** [cmTC_7e1ff/fast] Error 2

File /home/hiyop/Projects/Robotik_WS19_20/catkin_ws_paulischmidt/build/simple_parking_maneuver/CMakeFiles/CMakeTmp/CheckSymbolExists.c:
/* */
#include <pthread.h>

int main(int argc, char** argv)
{
  (void)argv;
#ifndef pthread_create
  return ((int*)(&pthread_create))[argc];
#else
  (void)argc;
  return 0;
#endif
}

Determining if the function pthread_create exists in the pthreads failed with the following output:
Change Dir: /home/hiyop/Projects/Robotik_WS19_20/catkin_ws_paulischmidt/build/simple_parking_maneuver/CMakeFiles/CMakeTmp

Run Build Command:"/usr/bin/make" "cmTC_b2a43/fast"
/usr/bin/make -f CMakeFiles/cmTC_b2a43.dir/build.make CMakeFiles/cmTC_b2a43.dir/build
make[1]: Entering directory '/home/hiyop/Projects/Robotik_WS19_20/catkin_ws_paulischmidt/build/simple_parking_maneuver/CMakeFiles/CMakeTmp'
Building C object CMakeFiles/cmTC_b2a43.dir/CheckFunctionExists.c.o
/usr/bin/cc   -DCHECK_FUNCTION_EXISTS=pthread_create   -o CMakeFiles/cmTC_b2a43.dir/CheckFunctionExists.c.o   -c /usr/share/cmake-3.10/Modules/CheckFunctionExists.c
Linking C executable cmTC_b2a43
/usr/bin/cmake -E cmake_link_script CMakeFiles/cmTC_b2a43.dir/link.txt --verbose=1
/usr/bin/cc  -DCHECK_FUNCTION_EXISTS=pthread_create    -rdynamic CMakeFiles/cmTC_b2a43.dir/CheckFunctionExists.c.o  -o cmTC_b2a43 -lpthreads 
/usr/bin/ld: cannot find -lpthreads
collect2: error: ld returned 1 exit status
CMakeFiles/cmTC_b2a43.dir/build.make:97: recipe for target 'cmTC_b2a43' failed
make[1]: *** [cmTC_b2a43] Error 1
make[1]: Leaving directory '/home/hiyop/Projects/Robotik_WS19_20/catkin_ws_paulischmidt/build/simple_parking_maneuver/CMakeFiles/CMakeTmp'
Makefile:126: recipe for target 'cmTC_b2a43/fast' failed
make: *** [cmTC_b2a43/fast] Error 2


