Determining if the pthread_create exist failed with the following output:
Change Dir: /home/hiyop/Projects/Robotik_WS19_20/catkin_ws_paulischmidt/build/tick_calibration/CMakeFiles/CMakeTmp

Run Build Command:"/usr/bin/make" "cmTC_5922b/fast"
/usr/bin/make -f CMakeFiles/cmTC_5922b.dir/build.make CMakeFiles/cmTC_5922b.dir/build
make[1]: Entering directory '/home/hiyop/Projects/Robotik_WS19_20/catkin_ws_paulischmidt/build/tick_calibration/CMakeFiles/CMakeTmp'
Building C object CMakeFiles/cmTC_5922b.dir/CheckSymbolExists.c.o
/usr/bin/cc    -o CMakeFiles/cmTC_5922b.dir/CheckSymbolExists.c.o   -c /home/hiyop/Projects/Robotik_WS19_20/catkin_ws_paulischmidt/build/tick_calibration/CMakeFiles/CMakeTmp/CheckSymbolExists.c
Linking C executable cmTC_5922b
/usr/bin/cmake -E cmake_link_script CMakeFiles/cmTC_5922b.dir/link.txt --verbose=1
/usr/bin/cc      -rdynamic CMakeFiles/cmTC_5922b.dir/CheckSymbolExists.c.o  -o cmTC_5922b 
CMakeFiles/cmTC_5922b.dir/CheckSymbolExists.c.o: In function `main':
CheckSymbolExists.c:(.text+0x1b): undefined reference to `pthread_create'
collect2: error: ld returned 1 exit status
CMakeFiles/cmTC_5922b.dir/build.make:97: recipe for target 'cmTC_5922b' failed
make[1]: *** [cmTC_5922b] Error 1
make[1]: Leaving directory '/home/hiyop/Projects/Robotik_WS19_20/catkin_ws_paulischmidt/build/tick_calibration/CMakeFiles/CMakeTmp'
Makefile:126: recipe for target 'cmTC_5922b/fast' failed
make: *** [cmTC_5922b/fast] Error 2

File /home/hiyop/Projects/Robotik_WS19_20/catkin_ws_paulischmidt/build/tick_calibration/CMakeFiles/CMakeTmp/CheckSymbolExists.c:
/* */
#include <pthread.h>

int main(int argc, char** argv)
{
  (void)argv;
#ifndef pthread_create
  return ((int*)(&pthread_create))[argc];
#else
  (void)argc;
  return 0;
#endif
}

Determining if the function pthread_create exists in the pthreads failed with the following output:
Change Dir: /home/hiyop/Projects/Robotik_WS19_20/catkin_ws_paulischmidt/build/tick_calibration/CMakeFiles/CMakeTmp

Run Build Command:"/usr/bin/make" "cmTC_aa428/fast"
/usr/bin/make -f CMakeFiles/cmTC_aa428.dir/build.make CMakeFiles/cmTC_aa428.dir/build
make[1]: Entering directory '/home/hiyop/Projects/Robotik_WS19_20/catkin_ws_paulischmidt/build/tick_calibration/CMakeFiles/CMakeTmp'
Building C object CMakeFiles/cmTC_aa428.dir/CheckFunctionExists.c.o
/usr/bin/cc   -DCHECK_FUNCTION_EXISTS=pthread_create   -o CMakeFiles/cmTC_aa428.dir/CheckFunctionExists.c.o   -c /usr/share/cmake-3.10/Modules/CheckFunctionExists.c
Linking C executable cmTC_aa428
/usr/bin/cmake -E cmake_link_script CMakeFiles/cmTC_aa428.dir/link.txt --verbose=1
/usr/bin/cc  -DCHECK_FUNCTION_EXISTS=pthread_create    -rdynamic CMakeFiles/cmTC_aa428.dir/CheckFunctionExists.c.o  -o cmTC_aa428 -lpthreads 
/usr/bin/ld: cannot find -lpthreads
collect2: error: ld returned 1 exit status
CMakeFiles/cmTC_aa428.dir/build.make:97: recipe for target 'cmTC_aa428' failed
make[1]: *** [cmTC_aa428] Error 1
make[1]: Leaving directory '/home/hiyop/Projects/Robotik_WS19_20/catkin_ws_paulischmidt/build/tick_calibration/CMakeFiles/CMakeTmp'
Makefile:126: recipe for target 'cmTC_aa428/fast' failed
make: *** [cmTC_aa428/fast] Error 2


